2023-11-24T00:11:19.576Z In(05) vmx Log for vmrun pid=6222 version=1.17.0 build=build-22583790 option=Release
2023-11-24T00:11:19.576Z In(05) vmx The host is 64-bit Arm.
2023-11-24T00:11:19.576Z In(05) vmx Host codepage=UTF-8 encoding=UTF-8
2023-11-24T00:11:19.576Z In(05) vmx Host is macOS 11.1 (20C69) Darwin 20.2.0
2023-11-24T00:11:19.576Z In(05) vmx Host offset from UTC is -05:00.
2023-11-24T00:11:19.569Z In(05) vmx VTHREAD 4354768192 "vmx" tid 97672
2023-11-24T00:11:19.572Z In(05) vmx Msg_SetLocaleEx: HostLocale=UTF-8 UserLocale=en
2023-11-24T00:11:19.572Z In(05) vmx DictionaryLoad: Cannot open file "/Applications/VMware Fusion.app/Contents/Library/messages/en/vmware.vmsg": No such file or directory.
2023-11-24T00:11:19.572Z In(05) vmx DictionaryLoad: Cannot open file "/Library/Preferences/VMware Fusion/config": No such file or directory.
2023-11-24T00:11:19.572Z In(05) vmx Msg_Reset:
2023-11-24T00:11:19.572Z In(05) vmx [msg.dictionary.load.openFailed] Cannot open file "/Library/Preferences/VMware Fusion/config": No such file or directory.
2023-11-24T00:11:19.572Z In(05) vmx ----------------------------------------
2023-11-24T00:11:19.572Z In(05) vmx ConfigDB: Failed to load /Library/Preferences/VMware Fusion/config
2023-11-24T00:11:19.572Z In(05) vmx DictionaryLoad: Cannot open file "/dev/null/Non-existing DEFAULT_LIBDIRECTORY/config": Not a directory.
2023-11-24T00:11:19.572Z In(05) vmx Msg_Reset:
2023-11-24T00:11:19.572Z In(05) vmx [msg.dictionary.load.openFailed] Cannot open file "/dev/null/Non-existing DEFAULT_LIBDIRECTORY/config": Not a directory.
2023-11-24T00:11:19.572Z In(05) vmx ----------------------------------------
2023-11-24T00:11:19.572Z In(05) vmx ConfigDB: Failed to load /dev/null/Non-existing DEFAULT_LIBDIRECTORY/config
2023-11-24T00:11:19.572Z In(05) vmx DictionaryLoad: Cannot open file "/dev/null/Non-existing DEFAULT_LIBDIRECTORY/settings": Not a directory.
2023-11-24T00:11:19.572Z In(05) vmx Msg_Reset:
2023-11-24T00:11:19.572Z In(05) vmx [msg.dictionary.load.openFailed] Cannot open file "/dev/null/Non-existing DEFAULT_LIBDIRECTORY/settings": Not a directory.
2023-11-24T00:11:19.572Z In(05) vmx ----------------------------------------
2023-11-24T00:11:19.572Z In(05) vmx ConfigDB: Failed to load /dev/null/Non-existing DEFAULT_LIBDIRECTORY/settings
2023-11-24T00:11:19.572Z In(05) vmx DictionaryLoad: Cannot open file "/Users/michael/Library/Preferences/VMware Fusion/config": No such file or directory.
2023-11-24T00:11:19.572Z In(05) vmx Msg_Reset:
2023-11-24T00:11:19.572Z In(05) vmx [msg.dictionary.load.openFailed] Cannot open file "/Users/michael/Library/Preferences/VMware Fusion/config": No such file or directory.
2023-11-24T00:11:19.572Z In(05) vmx ----------------------------------------
2023-11-24T00:11:19.572Z In(05) vmx ConfigDB: Failed to load ~/Library/Preferences/VMware Fusion/config
2023-11-24T00:11:19.572Z In(05) vmx OBJLIB-LIB: Objlib initialized.
2023-11-24T00:11:19.572Z In(05) vmx DictionaryLoad: Cannot open file "/Library/Preferences/VMware Fusion/config": No such file or directory.
2023-11-24T00:11:19.572Z In(05) vmx [msg.dictionary.load.openFailed] Cannot open file "/Library/Preferences/VMware Fusion/config": No such file or directory.
2023-11-24T00:11:19.572Z In(05) vmx PREF Optional preferences file not found at /Library/Preferences/VMware Fusion/config. Using default values.
2023-11-24T00:11:19.572Z In(05) vmx DictionaryLoad: Cannot open file "/Applications/VMware Fusion.app/Contents/Library/settings": No such file or directory.
2023-11-24T00:11:19.572Z In(05) vmx [msg.dictionary.load.openFailed] Cannot open file "/Applications/VMware Fusion.app/Contents/Library/settings": No such file or directory.
2023-11-24T00:11:19.572Z In(05) vmx PREF Optional preferences file not found at /Applications/VMware Fusion.app/Contents/Library/settings. Using default values.
2023-11-24T00:11:19.572Z In(05) vmx DictionaryLoad: Cannot open file "/Applications/VMware Fusion.app/Contents/Library/config": No such file or directory.
2023-11-24T00:11:19.572Z In(05) vmx [msg.dictionary.load.openFailed] Cannot open file "/Applications/VMware Fusion.app/Contents/Library/config": No such file or directory.
2023-11-24T00:11:19.572Z In(05) vmx PREF Optional preferences file not found at /Applications/VMware Fusion.app/Contents/Library/config. Using default values.
2023-11-24T00:11:19.572Z In(05) vmx DictionaryLoad: Cannot open file "/Users/michael/Library/Preferences/VMware Fusion/config": No such file or directory.
2023-11-24T00:11:19.572Z In(05) vmx [msg.dictionary.load.openFailed] Cannot open file "/Users/michael/Library/Preferences/VMware Fusion/config": No such file or directory.
2023-11-24T00:11:19.572Z In(05) vmx PREF Optional preferences file not found at /Users/michael/Library/Preferences/VMware Fusion/config. Using default values.
2023-11-24T00:11:19.575Z In(05) vmx lib/ssl: OpenSSL using default provider
2023-11-24T00:11:19.575Z In(05) vmx lib/ssl: Client usage
2023-11-24T00:11:19.575Z In(05) vmx lib/ssl: protocol list tls1.2
2023-11-24T00:11:19.575Z In(05) vmx lib/ssl: protocol min 0x303 max 0x303
2023-11-24T00:11:19.575Z In(05) vmx lib/ssl: protocol list tls1.2 (openssl flags 0x36000000)
2023-11-24T00:11:19.575Z In(05) vmx lib/ssl: cipher list ECDHE+AESGCM:RSA+AESGCM:ECDHE+AES:RSA+AES
2023-11-24T00:11:19.575Z In(05) vmx lib/ssl: cipher suites TLS_AES_128_GCM_SHA256:TLS_AES_256_GCM_SHA384
2023-11-24T00:11:19.575Z In(05) vmx lib/ssl: curves list prime256v1:secp384r1:secp521r1
2023-11-24T00:11:19.576Z In(05) vmx lib/ssl: Server usage
2023-11-24T00:11:19.576Z In(05) vmx lib/ssl: protocol list tls1.2
2023-11-24T00:11:19.576Z In(05) vmx lib/ssl: protocol min 0x303 max 0x303
2023-11-24T00:11:19.576Z In(05) vmx lib/ssl: protocol list tls1.2 (openssl flags 0x36000000)
2023-11-24T00:11:19.576Z In(05) vmx lib/ssl: cipher list ECDHE+AESGCM:RSA+AESGCM:ECDHE+AES:RSA+AES
2023-11-24T00:11:19.576Z In(05) vmx lib/ssl: cipher suites TLS_AES_128_GCM_SHA256:TLS_AES_256_GCM_SHA384
2023-11-24T00:11:19.576Z In(05) vmx lib/ssl: curves list prime256v1:secp384r1:secp521r1
2023-11-24T00:11:19.577Z In(05) vmx Hostname=Michaels-MacBook-Air.local
2023-11-24T00:11:19.577Z In(05) vmx IP=127.0.0.1 (lo0)
2023-11-24T00:11:19.577Z In(05) vmx IP=::1 (lo0)
2023-11-24T00:11:19.577Z In(05) vmx IP=fe80::1 (lo0)
2023-11-24T00:11:19.577Z In(05) vmx IP=fe80::1c00:2aff:fe14:f844 (anpi0)
2023-11-24T00:11:19.577Z In(05) vmx IP=fe80::1c00:2aff:fe14:f845 (anpi1)
2023-11-24T00:11:19.577Z In(05) vmx IP=fe80::4a9:fa5c:9d6f:7e2f (en0)
2023-11-24T00:11:19.577Z In(05) vmx IP=2601:19b:67e:56f0:89b:400e:9bb7:edc8 (en0)
2023-11-24T00:11:19.577Z In(05) vmx IP=2601:19b:67e:56f0:a446:b0ba:fd8b:a42e (en0)
2023-11-24T00:11:19.577Z In(05) vmx IP=10.0.0.180 (en0)
2023-11-24T00:11:19.577Z In(05) vmx IP=2601:19b:67e:56f0::a42e (en0)
2023-11-24T00:11:19.577Z In(05) vmx IP=fe80::3020:6fff:fe21:2169 (awdl0)
2023-11-24T00:11:19.577Z In(05) vmx IP=fe80::3020:6fff:fe21:2169 (llw0)
2023-11-24T00:11:19.577Z In(05) vmx IP=fe80::8a36:c01b:1971:9765 (utun0)
2023-11-24T00:11:19.577Z In(05) vmx IP=fe80::5617:5568:cf74:2fbd (utun1)
2023-11-24T00:11:19.577Z In(05) vmx IP=fe80::f4ef:7736:9790:9b33 (utun2)
2023-11-24T00:11:19.577Z In(05) vmx IP=fe80::687d:339:f589:e0b9 (utun3)
2023-11-24T00:11:19.577Z In(05) vmx IP=fe80::28e:4969:ed8:69c4 (utun4)
2023-11-24T00:11:19.577Z In(05) vmx IP=fe80::5630:ec2c:e763:b9c6 (utun5)
2023-11-24T00:11:19.577Z In(05) vmx IP=172.16.133.1 (bridge101)
2023-11-24T00:11:19.577Z In(05) vmx IP=fe80::10d6:ee58:3892:dbd (bridge101)
2023-11-24T00:11:19.577Z In(05) vmx IP=172.16.49.1 (bridge100)
2023-11-24T00:11:19.577Z In(05) vmx IP=fe80::48b:4055:6438:11f1 (bridge100)
2023-11-24T00:11:19.577Z In(05) vmx System uptime 8997475554 us
2023-11-24T00:11:19.577Z In(05) vmx Command line: "/Applications/VMware Fusion.app/Contents/Library/vmware-vmx" "-s" "vmx.noUIBuildNumberCheck=TRUE" "-#" "product=1;name=vmrun;version=1.17.0;buildnumber=22583790;licensename=VMware Fusion for Mac OS;licenseversion=13.0;" "-@" "duplex=3;msgs=ui" "/Users/michael/Documents/puppet/vms/vagrant/.vagrant/machines/default/vmware_desktop/1987d76f-8d77-4048-97b9-2f9fab2b726b/centos-7-1-1.x86_64.vmx"
2023-11-24T00:11:19.577Z In(05) vmx Msg_SetLocaleEx: HostLocale=UTF-8 UserLocale=en
2023-11-24T00:11:19.577Z In(05) vmx DictionaryLoad: Cannot open file "/Applications/VMware Fusion.app/Contents/Library/messages/en/vmware.vmsg": No such file or directory.
2023-11-24T00:11:19.616Z In(05) vmx Duplex socket: 3
2023-11-24T00:11:19.628Z In(05) vmx WQPoolAllocPoll : pollIx = 1, signalHandle = 16
2023-11-24T00:11:19.628Z In(05) vmx WQPoolAllocPoll : pollIx = 2, signalHandle = 19
2023-11-24T00:11:19.629Z In(05) vmx VigorTransport listening on fd 20
2023-11-24T00:11:19.629Z In(05) vmx Vigor_Init 1
2023-11-24T00:11:19.629Z In(05) vmx Connecting 'ui' to fd '3' with user '(null)'
2023-11-24T00:11:19.629Z In(05) vmx VmdbAddConnection: cnxPath=/db/connection/#1/, cnxIx=1
2023-11-24T00:11:19.629Z In(05) vmx /Users/michael/Documents/puppet/vms/vagrant/.vagrant/machines/default/vmware_desktop/1987d76f-8d77-4048-97b9-2f9fab2b726b/centos-7-1-1.x86_64.vmx: Setup symlink /var/run/vmware/76450cdf521b53edce5401ea03d0b4e855578b79bad9719c928c7c0b21acb725 -> /var/run/vmware/501/8997514177_6222
2023-11-24T00:11:19.629Z In(05) vmx Vix: [mainDispatch.c:488]: VMAutomation: Initializing VMAutomation.
2023-11-24T00:11:19.630Z In(05) vmx Vix: [mainDispatch.c:740]: VMAutomationOpenListenerSocket() listening
2023-11-24T00:11:19.632Z In(05) vmx Vix: [mainDispatch.c:4212]: VMAutomation_ReportPowerOpFinished: statevar=0, newAppState=1870, success=1 additionalError=0
2023-11-24T00:11:19.632Z In(05) vmx Transitioned vmx/execState/val to poweredOff
2023-11-24T00:11:19.632Z In(05) vmx Vix: [mainDispatch.c:4212]: VMAutomation_ReportPowerOpFinished: statevar=1, newAppState=1873, success=1 additionalError=0
2023-11-24T00:11:19.632Z In(05) vmx Vix: [mainDispatch.c:4212]: VMAutomation_ReportPowerOpFinished: statevar=2, newAppState=1877, success=1 additionalError=0
2023-11-24T00:11:19.632Z In(05) vmx Vix: [mainDispatch.c:4212]: VMAutomation_ReportPowerOpFinished: statevar=3, newAppState=1881, success=1 additionalError=0
2023-11-24T00:11:19.636Z In(05) vmx Services_Init: Successfully opened the services.
2023-11-24T00:11:19.636Z In(05) vmx FeatureCompat: No EVC masks.
2023-11-24T00:11:19.636Z In(05) vmx UTIL: Change file descriptor limit from soft 256,hard 4294967295 to soft 8192,hard 4294967295.
2023-11-24T00:11:19.636Z In(05) vmx Using 24000000 Hz
2023-11-24T00:11:19.636Z In(05) vmx PTSC: RefClockToPTSC 0 @ 24000000Hz -> 0 @ 24000000Hz
2023-11-24T00:11:19.636Z In(05) vmx PTSC: RefClockToPTSC ((x * 2147483648) >> 31) + 0
2023-11-24T00:11:19.636Z In(05) vmx PTSC: tscOffset 0
2023-11-24T00:11:19.636Z In(05) vmx PTSC: using user-level reference clock
2023-11-24T00:11:19.636Z In(05) vmx PTSC: hardware TSCs are synchronized.
2023-11-24T00:11:19.636Z In(05) vmx PTSC: current PTSC=215940834564
2023-11-24T00:11:19.637Z In(05) vmx WQPoolAllocPoll : pollIx = 3, signalHandle = 26
2023-11-24T00:11:19.638Z In(05) vmx Current Display Settings:
2023-11-24T00:11:19.638Z In(05) vmx    Display: 0 size: 1440x900 pixelSize: 2880x1800 position: (0, 0) Primary
2023-11-24T00:11:19.638Z In(05) vmx [102030000-102EA8000): /Applications/VMware Fusion.app/Contents/Library/vmware-vmx
2023-11-24T00:11:19.649Z In(05) vmx ConfigCheck: No rules file found. Checks are disabled.
2023-11-24T00:11:19.649Z In(05) vmx changing directory to /Users/michael/Documents/puppet/vms/vagrant/.vagrant/machines/default/vmware_desktop/1987d76f-8d77-4048-97b9-2f9fab2b726b/.
2023-11-24T00:11:19.649Z In(05) vmx Config file: /Users/michael/Documents/puppet/vms/vagrant/.vagrant/machines/default/vmware_desktop/1987d76f-8d77-4048-97b9-2f9fab2b726b/centos-7-1-1.x86_64.vmx
2023-11-24T00:11:19.649Z In(05) vmx Vix: [mainDispatch.c:4212]: VMAutomation_ReportPowerOpFinished: statevar=1, newAppState=1873, success=1 additionalError=0
2023-11-24T00:11:19.649Z In(05) vmx Vix: [mainDispatch.c:4212]: VMAutomation_ReportPowerOpFinished: statevar=2, newAppState=1878, success=1 additionalError=0
2023-11-24T00:11:19.649Z In(05) vmx LogRotation: Rotating to a new log file (keepOld 3) took 0.000160 seconds.
2023-11-24T00:11:19.649Z No(00) vmx LogVMXReplace: Successful switching from temporary to permanent log file took 0.000360 seconds.
2023-11-24T00:11:19.657Z In(05) vmx VMXVmdbCbVmVmxExecState: Exec state change requested to state poweredOn without reset, default, softOptionTimeout: 0.
2023-11-24T00:11:19.657Z In(05) vmx Tools: sending 'OS_PowerOn' (state = 3) state change request
2023-11-24T00:11:19.657Z In(05) vmx Tools: Delaying state change request to state 3.
2023-11-24T00:11:19.657Z Wa(03) vmx PowerOn
2023-11-24T00:11:19.657Z In(05) vmx VMX_PowerOn: VMX build 22583790, UI build 22583790
2023-11-24T00:11:19.657Z In(05) vmx Processor affinity not supported on this host OS
2023-11-24T00:11:19.659Z In(05) vmx Vix: [mainDispatch.c:4212]: VMAutomation_ReportPowerOpFinished: statevar=0, newAppState=1871, success=1 additionalError=0
2023-11-24T00:11:19.660Z In(05) vmx VMXSTATS: Successfully created stats file 'centos-7-1-1.x86_64.scoreboard'
2023-11-24T00:11:19.660Z In(05) vmx VMXSTATS: Update Product Information: vmrun	1.17.0	build-22583790	Release  TotalBlockSize: 40
2023-11-24T00:11:19.660Z In(05) vmx HOST sysname Darwin, nodename Michaels-MacBook-Air.local, release 20.2.0, version Darwin Kernel Version 20.2.0: Wed Dec  2 20:40:21 PST 2020; root:xnu-7195.60.75~1/RELEASE_ARM64_T8101, machine arm64
2023-11-24T00:11:19.660Z In(05) vmx DICT --- GLOBAL SETTINGS /Applications/VMware Fusion.app/Contents/Library/settings
2023-11-24T00:11:19.660Z In(05) vmx DICT --- NON PERSISTENT (null)
2023-11-24T00:11:19.660Z In(05) vmx DICT --- USER PREFERENCES /Users/michael/Library/Preferences/VMware Fusion/preferences
2023-11-24T00:11:19.660Z In(05) vmx DICT pref.dataCollectionEnabled.epoch = ""
2023-11-24T00:11:19.660Z In(05) vmx DICT pref.dataCollectionEnabled = "TRUE"
2023-11-24T00:11:19.660Z In(05) vmx DICT pref.keyboardAndMouse.vmHotKey.enabled = "FALSE"
2023-11-24T00:11:19.660Z In(05) vmx DICT pref.keyboardAndMouse.vmHotKey.count = "0"
2023-11-24T00:11:19.660Z In(05) vmx DICT pref.keyboardAndMouse.defaultProfileKey = "52be73ab-13e0-e392-7ffc-62e7d513e8bd"
2023-11-24T00:11:19.660Z In(05) vmx DICT pref.keyboardAndMouse.maxProfiles = "4"
2023-11-24T00:11:19.660Z In(05) vmx DICT pref.keyboardAndMouse.profile0.profileKey = "520185c6-4a8e-0f74-74e5-325338ac9d76"
2023-11-24T00:11:19.660Z In(05) vmx DICT pref.keyboardAndMouse.profile0.profileName = "Mac Profile"
2023-11-24T00:11:19.660Z In(05) vmx DICT pref.keyboardAndMouse.profile0.profileType = "mac"
2023-11-24T00:11:19.660Z In(05) vmx DICT pref.keyboardAndMouse.profile0.enableOSShortcuts = "FALSE"
2023-11-24T00:11:19.660Z In(05) vmx DICT pref.keyboardAndMouse.profile0.enableKeyMappings = "TRUE"
2023-11-24T00:11:19.660Z In(05) vmx DICT pref.keyboardAndMouse.profile0.languageSpecificKeyMappingsEnabled = "FALSE"
2023-11-24T00:11:19.660Z In(05) vmx DICT pref.keyboardAndMouse.profile0.selectedLanguage = ""
2023-11-24T00:11:19.660Z In(05) vmx DICT pref.keyboardAndMouse.profile0.cmdKeyFilterType = "none"
2023-11-24T00:11:19.660Z In(05) vmx DICT pref.keyboardAndMouse.profile0.maxMappings = "14"
2023-11-24T00:11:19.660Z In(05) vmx DICT pref.keyboardAndMouse.profile0.mapping0.mappingKey = "0"
2023-11-24T00:11:19.660Z In(05) vmx DICT pref.keyboardAndMouse.profile0.mapping0.enabled = "FALSE"
2023-11-24T00:11:19.660Z In(05) vmx DICT pref.keyboardAndMouse.profile0.mapping0.fromHost = "Mouse1 Control"
2023-11-24T00:11:19.660Z In(05) vmx DICT pref.keyboardAndMouse.profile0.mapping0.toGuest = "Mouse2"
2023-11-24T00:11:19.660Z In(05) vmx DICT pref.keyboardAndMouse.profile0.mapping1.mappingKey = "1"
2023-11-24T00:11:19.660Z In(05) vmx DICT pref.keyboardAndMouse.profile0.mapping1.enabled = "FALSE"
2023-11-24T00:11:19.660Z In(05) vmx DICT pref.keyboardAndMouse.profile0.mapping1.fromHost = "Mouse1 GUI"
2023-11-24T00:11:19.660Z In(05) vmx DICT pref.keyboardAndMouse.profile0.mapping1.toGuest = "Mouse3"
2023-11-24T00:11:19.660Z In(05) vmx DICT pref.keyboardAndMouse.profile0.mapping2.mappingKey = "2"
2023-11-24T00:11:19.660Z In(05) vmx DICT pref.keyboardAndMouse.profile0.mapping2.enabled = "TRUE"
2023-11-24T00:11:19.660Z In(05) vmx DICT pref.keyboardAndMouse.profile0.mapping2.fromHost = "GUI CONTROL"
2023-11-24T00:11:19.660Z In(05) vmx DICT pref.keyboardAndMouse.profile0.mapping2.toGuest = "Ungrab"
2023-11-24T00:11:19.660Z In(05) vmx DICT pref.keyboardAndMouse.profile0.mapping3.mappingKey = "3"
2023-11-24T00:11:19.660Z In(05) vmx DICT pref.keyboardAndMouse.profile0.mapping3.enabled = "TRUE"
2023-11-24T00:11:19.660Z In(05) vmx DICT pref.keyboardAndMouse.profile0.mapping3.fromHost = "GUI CONTROL F"
2023-11-24T00:11:19.660Z In(05) vmx DICT pref.keyboardAndMouse.profile0.mapping3.toGuest = "Fullscreen"
2023-11-24T00:11:19.660Z In(05) vmx DICT pref.keyboardAndMouse.profile0.mapping4.mappingKey = "4"
2023-11-24T00:11:19.660Z In(05) vmx DICT pref.keyboardAndMouse.profile0.mapping4.enabled = "FALSE"
2023-11-24T00:11:19.660Z In(05) vmx DICT pref.keyboardAndMouse.profile0.mapping4.fromHost = "GUI CONTROL U"
2023-11-24T00:11:19.660Z In(05) vmx DICT pref.keyboardAndMouse.profile0.mapping4.toGuest = "Unity"
2023-11-24T00:11:19.660Z In(05) vmx DICT pref.keyboardAndMouse.profile0.mapping5.mappingKey = "5"
2023-11-24T00:11:19.660Z In(05) vmx DICT pref.keyboardAndMouse.profile0.mapping5.enabled = "FALSE"
2023-11-24T00:11:19.660Z In(05) vmx DICT pref.keyboardAndMouse.profile0.mapping5.fromHost = "GUI SHIFT U"
2023-11-24T00:11:19.660Z In(05) vmx DICT pref.keyboardAndMouse.profile0.mapping5.toGuest = "Unity"
2023-11-24T00:11:19.660Z In(05) vmx DICT pref.keyboardAndMouse.profile0.mapping6.mappingKey = "6"
2023-11-24T00:11:19.660Z In(05) vmx DICT pref.keyboardAndMouse.profile0.mapping6.enabled = "TRUE"
2023-11-24T00:11:19.660Z In(05) vmx DICT pref.keyboardAndMouse.profile0.mapping6.fromHost = "GUI CONTROL S"
2023-11-24T00:11:19.660Z In(05) vmx DICT pref.keyboardAndMouse.profile0.mapping6.toGuest = "SingleWindow"
2023-11-24T00:11:19.660Z In(05) vmx DICT pref.keyboardAndMouse.profile0.mapping7.mappingKey = "7"
2023-11-24T00:11:19.660Z In(05) vmx DICT pref.keyboardAndMouse.profile0.mapping7.enabled = "FALSE"
2023-11-24T00:11:19.660Z In(05) vmx DICT pref.keyboardAndMouse.profile0.mapping7.fromHost = "GUI 0x029"
2023-11-24T00:11:19.660Z In(05) vmx DICT pref.keyboardAndMouse.profile0.mapping7.toGuest = "CycleWindow"
2023-11-24T00:11:19.660Z In(05) vmx DICT pref.keyboardAndMouse.profile0.mapping8.mappingKey = "8"
2023-11-24T00:11:19.660Z In(05) vmx DICT pref.keyboardAndMouse.profile0.mapping8.enabled = "FALSE"
2023-11-24T00:11:19.660Z In(05) vmx DICT pref.keyboardAndMouse.profile0.mapping8.fromHost = "GUI SHIFT 0x029"
2023-11-24T00:11:19.660Z In(05) vmx DICT pref.keyboardAndMouse.profile0.mapping8.toGuest = "CycleWindowReverse"
2023-11-24T00:11:19.660Z In(05) vmx DICT pref.keyboardAndMouse.profile0.mapping9.mappingKey = "9"
2023-11-24T00:11:19.660Z In(05) vmx DICT pref.keyboardAndMouse.profile0.mapping9.enabled = "FALSE"
2023-11-24T00:11:19.660Z In(05) vmx DICT pref.keyboardAndMouse.profile0.mapping9.fromHost = "GUI H"
2023-11-24T00:11:19.660Z In(05) vmx DICT pref.keyboardAndMouse.profile0.mapping9.toGuest = "HideApplication"
2023-11-24T00:11:19.660Z In(05) vmx DICT pref.keyboardAndMouse.profile0.mapping10.mappingKey = "10"
2023-11-24T00:11:19.660Z In(05) vmx DICT pref.keyboardAndMouse.profile0.mapping10.enabled = "FALSE"
2023-11-24T00:11:19.660Z In(05) vmx DICT pref.keyboardAndMouse.profile0.mapping10.fromHost = "GUI M"
2023-11-24T00:11:19.660Z In(05) vmx DICT pref.keyboardAndMouse.profile0.mapping10.toGuest = "MinimizeWindow"
2023-11-24T00:11:19.660Z In(05) vmx DICT pref.keyboardAndMouse.profile0.mapping11.mappingKey = "11"
2023-11-24T00:11:19.660Z In(05) vmx DICT pref.keyboardAndMouse.profile0.mapping11.enabled = "FALSE"
2023-11-24T00:11:19.660Z In(05) vmx DICT pref.keyboardAndMouse.profile0.mapping11.fromHost = "GUI Q"
2023-11-24T00:11:19.660Z In(05) vmx DICT pref.keyboardAndMouse.profile0.mapping11.toGuest = "Quit"
2023-11-24T00:11:19.660Z In(05) vmx DICT pref.keyboardAndMouse.profile0.mapping12.mappingKey = "12"
2023-11-24T00:11:19.660Z In(05) vmx DICT pref.keyboardAndMouse.profile0.mapping12.enabled = "TRUE"
2023-11-24T00:11:19.660Z In(05) vmx DICT pref.keyboardAndMouse.profile0.mapping12.fromHost = "GUI SHIFT M"
2023-11-24T00:11:19.660Z In(05) vmx DICT pref.keyboardAndMouse.profile0.mapping12.toGuest = "ToggleHideMenu"
2023-11-24T00:11:19.660Z In(05) vmx DICT pref.keyboardAndMouse.profile0.mapping13.mappingKey = "13"
2023-11-24T00:11:19.660Z In(05) vmx DICT pref.keyboardAndMouse.profile0.mapping13.enabled = "FALSE"
2023-11-24T00:11:19.660Z In(05) vmx DICT pref.keyboardAndMouse.profile0.mapping13.fromHost = "GUI E"
2023-11-24T00:11:19.660Z In(05) vmx DICT pref.keyboardAndMouse.profile0.mapping13.toGuest = "Settings"
2023-11-24T00:11:19.660Z In(05) vmx DICT pref.keyboardAndMouse.profile1.profileKey = "52049c2a-560e-fa9b-b958-890e5719ecae"
2023-11-24T00:11:19.660Z In(05) vmx DICT pref.keyboardAndMouse.profile1.profileName = "Windows 10 Profile"
2023-11-24T00:11:19.660Z In(05) vmx DICT pref.keyboardAndMouse.profile1.profileType = "windows9"
2023-11-24T00:11:19.660Z In(05) vmx DICT pref.keyboardAndMouse.profile1.enableOSShortcuts = "TRUE"
2023-11-24T00:11:19.660Z In(05) vmx DICT pref.keyboardAndMouse.profile1.enableKeyMappings = "TRUE"
2023-11-24T00:11:19.660Z In(05) vmx DICT pref.keyboardAndMouse.profile1.languageSpecificKeyMappingsEnabled = "TRUE"
2023-11-24T00:11:19.660Z In(05) vmx DICT pref.keyboardAndMouse.profile1.selectedLanguage = ""
2023-11-24T00:11:19.660Z In(05) vmx DICT pref.keyboardAndMouse.profile1.cmdKeyFilterType = "none"
2023-11-24T00:11:19.660Z In(05) vmx DICT pref.keyboardAndMouse.profile1.maxMappings = "30"
2023-11-24T00:11:19.660Z In(05) vmx DICT pref.keyboardAndMouse.profile1.mapping0.mappingKey = "0"
2023-11-24T00:11:19.660Z In(05) vmx DICT pref.keyboardAndMouse.profile1.mapping0.enabled = "TRUE"
2023-11-24T00:11:19.660Z In(05) vmx DICT pref.keyboardAndMouse.profile1.mapping0.fromHost = "GUI Z"
2023-11-24T00:11:19.660Z In(05) vmx DICT pref.keyboardAndMouse.profile1.mapping0.toGuest = "CONTROL Z"
2023-11-24T00:11:19.660Z In(05) vmx DICT pref.keyboardAndMouse.profile1.mapping1.mappingKey = "1"
2023-11-24T00:11:19.660Z In(05) vmx DICT pref.keyboardAndMouse.profile1.mapping1.enabled = "TRUE"
2023-11-24T00:11:19.660Z In(05) vmx DICT pref.keyboardAndMouse.profile1.mapping1.fromHost = "GUI X"
2023-11-24T00:11:19.660Z In(05) vmx DICT pref.keyboardAndMouse.profile1.mapping1.toGuest = "CONTROL X"
2023-11-24T00:11:19.660Z In(05) vmx DICT pref.keyboardAndMouse.profile1.mapping2.mappingKey = "2"
2023-11-24T00:11:19.660Z In(05) vmx DICT pref.keyboardAndMouse.profile1.mapping2.enabled = "TRUE"
2023-11-24T00:11:19.660Z In(05) vmx DICT pref.keyboardAndMouse.profile1.mapping2.fromHost = "GUI C"
2023-11-24T00:11:19.660Z In(05) vmx DICT pref.keyboardAndMouse.profile1.mapping2.toGuest = "CONTROL C"
2023-11-24T00:11:19.660Z In(05) vmx DICT pref.keyboardAndMouse.profile1.mapping3.mappingKey = "3"
2023-11-24T00:11:19.660Z In(05) vmx DICT pref.keyboardAndMouse.profile1.mapping3.enabled = "TRUE"
2023-11-24T00:11:19.660Z In(05) vmx DICT pref.keyboardAndMouse.profile1.mapping3.fromHost = "GUI V"
2023-11-24T00:11:19.660Z In(05) vmx DICT pref.keyboardAndMouse.profile1.mapping3.toGuest = "CONTROL V"
2023-11-24T00:11:19.660Z In(05) vmx DICT pref.keyboardAndMouse.profile1.mapping4.mappingKey = "4"
2023-11-24T00:11:19.660Z In(05) vmx DICT pref.keyboardAndMouse.profile1.mapping4.enabled = "TRUE"
2023-11-24T00:11:19.660Z In(05) vmx DICT pref.keyboardAndMouse.profile1.mapping4.fromHost = "GUI P"
2023-11-24T00:11:19.660Z In(05) vmx DICT pref.keyboardAndMouse.profile1.mapping4.toGuest = "CONTROL P"
2023-11-24T00:11:19.660Z In(05) vmx DICT pref.keyboardAndMouse.profile1.mapping5.mappingKey = "5"
2023-11-24T00:11:19.660Z In(05) vmx DICT pref.keyboardAndMouse.profile1.mapping5.enabled = "TRUE"
2023-11-24T00:11:19.660Z In(05) vmx DICT pref.keyboardAndMouse.profile1.mapping5.fromHost = "GUI A"
2023-11-24T00:11:19.660Z In(05) vmx DICT pref.keyboardAndMouse.profile1.mapping5.toGuest = "CONTROL A"
2023-11-24T00:11:19.660Z In(05) vmx DICT pref.keyboardAndMouse.profile1.mapping6.mappingKey = "6"
2023-11-24T00:11:19.660Z In(05) vmx DICT pref.keyboardAndMouse.profile1.mapping6.enabled = "TRUE"
2023-11-24T00:11:19.660Z In(05) vmx DICT pref.keyboardAndMouse.profile1.mapping6.fromHost = "GUI S"
2023-11-24T00:11:19.660Z In(05) vmx DICT pref.keyboardAndMouse.profile1.mapping6.toGuest = "CONTROL S"
2023-11-24T00:11:19.660Z In(05) vmx DICT pref.keyboardAndMouse.profile1.mapping7.mappingKey = "7"
2023-11-24T00:11:19.660Z In(05) vmx DICT pref.keyboardAndMouse.profile1.mapping7.enabled = "TRUE"
2023-11-24T00:11:19.660Z In(05) vmx DICT pref.keyboardAndMouse.profile1.mapping7.fromHost = "GUI F"
2023-11-24T00:11:19.660Z In(05) vmx DICT pref.keyboardAndMouse.profile1.mapping7.toGuest = "0x03d"
2023-11-24T00:11:19.660Z In(05) vmx DICT pref.keyboardAndMouse.profile1.mapping8.mappingKey = "8"
2023-11-24T00:11:19.660Z In(05) vmx DICT pref.keyboardAndMouse.profile1.mapping8.enabled = "TRUE"
2023-11-24T00:11:19.660Z In(05) vmx DICT pref.keyboardAndMouse.profile1.mapping8.fromHost = "GUI W"
2023-11-24T00:11:19.660Z In(05) vmx DICT pref.keyboardAndMouse.profile1.mapping8.toGuest = "ALT 0x03e"
2023-11-24T00:11:19.660Z In(05) vmx DICT pref.keyboardAndMouse.profile1.mapping9.mappingKey = "9"
2023-11-24T00:11:19.660Z In(05) vmx DICT pref.keyboardAndMouse.profile1.mapping9.enabled = "TRUE"
2023-11-24T00:11:19.660Z In(05) vmx DICT pref.keyboardAndMouse.profile1.mapping9.fromHost = "CONTROL ALT 0xe"
2023-11-24T00:11:19.660Z In(05) vmx DICT pref.keyboardAndMouse.profile1.mapping9.toGuest = "CONTROL ALT 0x153"
2023-11-24T00:11:19.660Z In(05) vmx DICT pref.keyboardAndMouse.profile1.mapping10.mappingKey = "10"
2023-11-24T00:11:19.660Z In(05) vmx DICT pref.keyboardAndMouse.profile1.mapping10.enabled = "FALSE"
2023-11-24T00:11:19.660Z In(05) vmx DICT pref.keyboardAndMouse.profile1.mapping10.fromHost = "0x11c"
2023-11-24T00:11:19.660Z In(05) vmx DICT pref.keyboardAndMouse.profile1.mapping10.toGuest = "0x138"
2023-11-24T00:11:19.660Z In(05) vmx DICT pref.keyboardAndMouse.profile1.mapping11.mappingKey = "11"
2023-11-24T00:11:19.660Z In(05) vmx DICT pref.keyboardAndMouse.profile1.mapping11.enabled = "TRUE"
2023-11-24T00:11:19.660Z In(05) vmx DICT pref.keyboardAndMouse.profile1.mapping11.fromHost = "GUI SHIFT H"
2023-11-24T00:11:19.660Z In(05) vmx DICT pref.keyboardAndMouse.profile1.mapping11.toGuest = "GUI H"
2023-11-24T00:11:19.660Z In(05) vmx DICT pref.keyboardAndMouse.profile1.mapping12.mappingKey = "12"
2023-11-24T00:11:19.660Z In(05) vmx DICT pref.keyboardAndMouse.profile1.mapping12.enabled = "TRUE"
2023-11-24T00:11:19.660Z In(05) vmx DICT pref.keyboardAndMouse.profile1.mapping12.fromHost = "GUI SHIFT M"
2023-11-24T00:11:19.660Z In(05) vmx DICT pref.keyboardAndMouse.profile1.mapping12.toGuest = "GUI M"
2023-11-24T00:11:19.660Z In(05) vmx DICT pref.keyboardAndMouse.profile1.mapping13.mappingKey = "13"
2023-11-24T00:11:19.660Z In(05) vmx DICT pref.keyboardAndMouse.profile1.mapping13.enabled = "TRUE"
2023-11-24T00:11:19.660Z In(05) vmx DICT pref.keyboardAndMouse.profile1.mapping13.fromHost = "GUI SHIFT P"
2023-11-24T00:11:19.660Z In(05) vmx DICT pref.keyboardAndMouse.profile1.mapping13.toGuest = "GUI P"
2023-11-24T00:11:19.660Z In(05) vmx DICT pref.keyboardAndMouse.profile1.mapping14.mappingKey = "14"
2023-11-24T00:11:19.660Z In(05) vmx DICT pref.keyboardAndMouse.profile1.mapping14.enabled = "TRUE"
2023-11-24T00:11:19.660Z In(05) vmx DICT pref.keyboardAndMouse.profile1.mapping14.fromHost = "GUI SHIFT V"
2023-11-24T00:11:19.660Z In(05) vmx DICT pref.keyboardAndMouse.profile1.mapping14.toGuest = "GUI V"
2023-11-24T00:11:19.660Z In(05) vmx DICT pref.keyboardAndMouse.profile1.mapping15.mappingKey = "15"
2023-11-24T00:11:19.660Z In(05) vmx DICT pref.keyboardAndMouse.profile1.mapping15.enabled = "TRUE"
2023-11-24T00:11:19.660Z In(05) vmx DICT pref.keyboardAndMouse.profile1.mapping15.fromHost = "GUI SHIFT X"
2023-11-24T00:11:19.660Z In(05) vmx DICT pref.keyboardAndMouse.profile1.mapping15.toGuest = "GUI X"
2023-11-24T00:11:19.660Z In(05) vmx DICT pref.keyboardAndMouse.profile1.mapping16.mappingKey = "16"
2023-11-24T00:11:19.660Z In(05) vmx DICT pref.keyboardAndMouse.profile1.mapping16.enabled = "TRUE"
2023-11-24T00:11:19.660Z In(05) vmx DICT pref.keyboardAndMouse.profile1.mapping16.fromHost = "GUI SHIFT Z"
2023-11-24T00:11:19.660Z In(05) vmx DICT pref.keyboardAndMouse.profile1.mapping16.toGuest = "GUI Z"
2023-11-24T00:11:19.660Z In(05) vmx DICT pref.keyboardAndMouse.profile1.mapping17.mappingKey = "17"
2023-11-24T00:11:19.660Z In(05) vmx DICT pref.keyboardAndMouse.profile1.mapping17.enabled = "TRUE"
2023-11-24T00:11:19.660Z In(05) vmx DICT pref.keyboardAndMouse.profile1.mapping17.fromHost = "Mouse1 Control"
2023-11-24T00:11:19.660Z In(05) vmx DICT pref.keyboardAndMouse.profile1.mapping17.toGuest = "Mouse2"
2023-11-24T00:11:19.660Z In(05) vmx DICT pref.keyboardAndMouse.profile1.mapping18.mappingKey = "18"
2023-11-24T00:11:19.660Z In(05) vmx DICT pref.keyboardAndMouse.profile1.mapping18.enabled = "TRUE"
2023-11-24T00:11:19.660Z In(05) vmx DICT pref.keyboardAndMouse.profile1.mapping18.fromHost = "Mouse1 GUI"
2023-11-24T00:11:19.660Z In(05) vmx DICT pref.keyboardAndMouse.profile1.mapping18.toGuest = "Mouse3"
2023-11-24T00:11:19.660Z In(05) vmx DICT pref.keyboardAndMouse.profile1.mapping19.mappingKey = "19"
2023-11-24T00:11:19.660Z In(05) vmx DICT pref.keyboardAndMouse.profile1.mapping19.enabled = "TRUE"
2023-11-24T00:11:19.660Z In(05) vmx DICT pref.keyboardAndMouse.profile1.mapping19.fromHost = "GUI CONTROL"
2023-11-24T00:11:19.660Z In(05) vmx DICT pref.keyboardAndMouse.profile1.mapping19.toGuest = "Ungrab"
2023-11-24T00:11:19.660Z In(05) vmx DICT pref.keyboardAndMouse.profile1.mapping20.mappingKey = "20"
2023-11-24T00:11:19.660Z In(05) vmx DICT pref.keyboardAndMouse.profile1.mapping20.enabled = "TRUE"
2023-11-24T00:11:19.660Z In(05) vmx DICT pref.keyboardAndMouse.profile1.mapping20.fromHost = "GUI CONTROL F"
2023-11-24T00:11:19.660Z In(05) vmx DICT pref.keyboardAndMouse.profile1.mapping20.toGuest = "Fullscreen"
2023-11-24T00:11:19.660Z In(05) vmx DICT pref.keyboardAndMouse.profile1.mapping21.mappingKey = "21"
2023-11-24T00:11:19.660Z In(05) vmx DICT pref.keyboardAndMouse.profile1.mapping21.enabled = "TRUE"
2023-11-24T00:11:19.660Z In(05) vmx DICT pref.keyboardAndMouse.profile1.mapping21.fromHost = "GUI SHIFT U"
2023-11-24T00:11:19.660Z In(05) vmx DICT pref.keyboardAndMouse.profile1.mapping21.toGuest = "Unity"
2023-11-24T00:11:19.660Z In(05) vmx DICT pref.keyboardAndMouse.profile1.mapping22.mappingKey = "22"
2023-11-24T00:11:19.660Z In(05) vmx DICT pref.keyboardAndMouse.profile1.mapping22.enabled = "TRUE"
2023-11-24T00:11:19.660Z In(05) vmx DICT pref.keyboardAndMouse.profile1.mapping22.fromHost = "GUI CONTROL S"
2023-11-24T00:11:19.660Z In(05) vmx DICT pref.keyboardAndMouse.profile1.mapping22.toGuest = "SingleWindow"
2023-11-24T00:11:19.660Z In(05) vmx DICT pref.keyboardAndMouse.profile1.mapping23.mappingKey = "23"
2023-11-24T00:11:19.660Z In(05) vmx DICT pref.keyboardAndMouse.profile1.mapping23.enabled = "TRUE"
2023-11-24T00:11:19.660Z In(05) vmx DICT pref.keyboardAndMouse.profile1.mapping23.fromHost = "GUI 0x029"
2023-11-24T00:11:19.660Z In(05) vmx DICT pref.keyboardAndMouse.profile1.mapping23.toGuest = "CycleWindow"
2023-11-24T00:11:19.660Z In(05) vmx DICT pref.keyboardAndMouse.profile1.mapping24.mappingKey = "24"
2023-11-24T00:11:19.660Z In(05) vmx DICT pref.keyboardAndMouse.profile1.mapping24.enabled = "TRUE"
2023-11-24T00:11:19.660Z In(05) vmx DICT pref.keyboardAndMouse.profile1.mapping24.fromHost = "GUI SHIFT 0x029"
2023-11-24T00:11:19.660Z In(05) vmx DICT pref.keyboardAndMouse.profile1.mapping24.toGuest = "CycleWindowReverse"
2023-11-24T00:11:19.660Z In(05) vmx DICT pref.keyboardAndMouse.profile1.mapping25.mappingKey = "25"
2023-11-24T00:11:19.660Z In(05) vmx DICT pref.keyboardAndMouse.profile1.mapping25.enabled = "TRUE"
2023-11-24T00:11:19.660Z In(05) vmx DICT pref.keyboardAndMouse.profile1.mapping25.fromHost = "GUI H"
2023-11-24T00:11:19.660Z In(05) vmx DICT pref.keyboardAndMouse.profile1.mapping25.toGuest = "HideApplication"
2023-11-24T00:11:19.660Z In(05) vmx DICT pref.keyboardAndMouse.profile1.mapping26.mappingKey = "26"
2023-11-24T00:11:19.660Z In(05) vmx DICT pref.keyboardAndMouse.profile1.mapping26.enabled = "TRUE"
2023-11-24T00:11:19.660Z In(05) vmx DICT pref.keyboardAndMouse.profile1.mapping26.fromHost = "GUI M"
2023-11-24T00:11:19.660Z In(05) vmx DICT pref.keyboardAndMouse.profile1.mapping26.toGuest = "MinimizeWindow"
2023-11-24T00:11:19.660Z In(05) vmx DICT pref.keyboardAndMouse.profile1.mapping27.mappingKey = "27"
2023-11-24T00:11:19.660Z In(05) vmx DICT pref.keyboardAndMouse.profile1.mapping27.enabled = "TRUE"
2023-11-24T00:11:19.660Z In(05) vmx DICT pref.keyboardAndMouse.profile1.mapping27.fromHost = "GUI Q"
2023-11-24T00:11:19.660Z In(05) vmx DICT pref.keyboardAndMouse.profile1.mapping27.toGuest = "Quit"
2023-11-24T00:11:19.660Z In(05) vmx DICT pref.keyboardAndMouse.profile1.mapping28.mappingKey = "28"
2023-11-24T00:11:19.660Z In(05) vmx DICT pref.keyboardAndMouse.profile1.mapping28.enabled = "TRUE"
2023-11-24T00:11:19.660Z In(05) vmx DICT pref.keyboardAndMouse.profile1.mapping28.fromHost = "GUI ALT SHIFT M"
2023-11-24T00:11:19.660Z In(05) vmx DICT pref.keyboardAndMouse.profile1.mapping28.toGuest = "ToggleHideMenu"
2023-11-24T00:11:19.660Z In(05) vmx DICT pref.keyboardAndMouse.profile1.mapping29.mappingKey = "29"
2023-11-24T00:11:19.660Z In(05) vmx DICT pref.keyboardAndMouse.profile1.mapping29.enabled = "FALSE"
2023-11-24T00:11:19.660Z In(05) vmx DICT pref.keyboardAndMouse.profile1.mapping29.fromHost = "GUI E"
2023-11-24T00:11:19.660Z In(05) vmx DICT pref.keyboardAndMouse.profile1.mapping29.toGuest = "Settings"
2023-11-24T00:11:19.660Z In(05) vmx DICT pref.keyboardAndMouse.profile2.profileKey = "5242978c-4dc6-c2d1-ca7f-2395e6b9f45d"
2023-11-24T00:11:19.660Z In(05) vmx DICT pref.keyboardAndMouse.profile2.profileName = "Windows 8 Profile"
2023-11-24T00:11:19.660Z In(05) vmx DICT pref.keyboardAndMouse.profile2.profileType = "windows8"
2023-11-24T00:11:19.660Z In(05) vmx DICT pref.keyboardAndMouse.profile2.enableOSShortcuts = "TRUE"
2023-11-24T00:11:19.660Z In(05) vmx DICT pref.keyboardAndMouse.profile2.enableKeyMappings = "TRUE"
2023-11-24T00:11:19.660Z In(05) vmx DICT pref.keyboardAndMouse.profile2.languageSpecificKeyMappingsEnabled = "TRUE"
2023-11-24T00:11:19.660Z In(05) vmx DICT pref.keyboardAndMouse.profile2.selectedLanguage = ""
2023-11-24T00:11:19.660Z In(05) vmx DICT pref.keyboardAndMouse.profile2.cmdKeyFilterType = "none"
2023-11-24T00:11:19.660Z In(05) vmx DICT pref.keyboardAndMouse.profile2.maxMappings = "33"
2023-11-24T00:11:19.660Z In(05) vmx DICT pref.keyboardAndMouse.profile2.mapping0.mappingKey = "0"
2023-11-24T00:11:19.660Z In(05) vmx DICT pref.keyboardAndMouse.profile2.mapping0.enabled = "TRUE"
2023-11-24T00:11:19.660Z In(05) vmx DICT pref.keyboardAndMouse.profile2.mapping0.fromHost = "GUI Z"
2023-11-24T00:11:19.660Z In(05) vmx DICT pref.keyboardAndMouse.profile2.mapping0.toGuest = "CONTROL Z"
2023-11-24T00:11:19.660Z In(05) vmx DICT pref.keyboardAndMouse.profile2.mapping1.mappingKey = "1"
2023-11-24T00:11:19.660Z In(05) vmx DICT pref.keyboardAndMouse.profile2.mapping1.enabled = "TRUE"
2023-11-24T00:11:19.660Z In(05) vmx DICT pref.keyboardAndMouse.profile2.mapping1.fromHost = "GUI X"
2023-11-24T00:11:19.660Z In(05) vmx DICT pref.keyboardAndMouse.profile2.mapping1.toGuest = "CONTROL X"
2023-11-24T00:11:19.660Z In(05) vmx DICT pref.keyboardAndMouse.profile2.mapping2.mappingKey = "2"
2023-11-24T00:11:19.660Z In(05) vmx DICT pref.keyboardAndMouse.profile2.mapping2.enabled = "TRUE"
2023-11-24T00:11:19.660Z In(05) vmx DICT pref.keyboardAndMouse.profile2.mapping2.fromHost = "GUI C"
2023-11-24T00:11:19.660Z In(05) vmx DICT pref.keyboardAndMouse.profile2.mapping2.toGuest = "CONTROL C"
2023-11-24T00:11:19.660Z In(05) vmx DICT pref.keyboardAndMouse.profile2.mapping3.mappingKey = "3"
2023-11-24T00:11:19.660Z In(05) vmx DICT pref.keyboardAndMouse.profile2.mapping3.enabled = "TRUE"
2023-11-24T00:11:19.660Z In(05) vmx DICT pref.keyboardAndMouse.profile2.mapping3.fromHost = "GUI V"
2023-11-24T00:11:19.660Z In(05) vmx DICT pref.keyboardAndMouse.profile2.mapping3.toGuest = "CONTROL V"
2023-11-24T00:11:19.660Z In(05) vmx DICT pref.keyboardAndMouse.profile2.mapping4.mappingKey = "4"
2023-11-24T00:11:19.660Z In(05) vmx DICT pref.keyboardAndMouse.profile2.mapping4.enabled = "TRUE"
2023-11-24T00:11:19.660Z In(05) vmx DICT pref.keyboardAndMouse.profile2.mapping4.fromHost = "GUI P"
2023-11-24T00:11:19.660Z In(05) vmx DICT pref.keyboardAndMouse.profile2.mapping4.toGuest = "CONTROL P"
2023-11-24T00:11:19.660Z In(05) vmx DICT pref.keyboardAndMouse.profile2.mapping5.mappingKey = "5"
2023-11-24T00:11:19.660Z In(05) vmx DICT pref.keyboardAndMouse.profile2.mapping5.enabled = "TRUE"
2023-11-24T00:11:19.660Z In(05) vmx DICT pref.keyboardAndMouse.profile2.mapping5.fromHost = "GUI A"
2023-11-24T00:11:19.660Z In(05) vmx DICT pref.keyboardAndMouse.profile2.mapping5.toGuest = "CONTROL A"
2023-11-24T00:11:19.660Z In(05) vmx DICT pref.keyboardAndMouse.profile2.mapping6.mappingKey = "6"
2023-11-24T00:11:19.660Z In(05) vmx DICT pref.keyboardAndMouse.profile2.mapping6.enabled = "TRUE"
2023-11-24T00:11:19.660Z In(05) vmx DICT pref.keyboardAndMouse.profile2.mapping6.fromHost = "GUI S"
2023-11-24T00:11:19.660Z In(05) vmx DICT pref.keyboardAndMouse.profile2.mapping6.toGuest = "CONTROL S"
2023-11-24T00:11:19.660Z In(05) vmx DICT pref.keyboardAndMouse.profile2.mapping7.mappingKey = "7"
2023-11-24T00:11:19.660Z In(05) vmx DICT pref.keyboardAndMouse.profile2.mapping7.enabled = "TRUE"
2023-11-24T00:11:19.660Z In(05) vmx DICT pref.keyboardAndMouse.profile2.mapping7.fromHost = "GUI F"
2023-11-24T00:11:19.660Z In(05) vmx DICT pref.keyboardAndMouse.profile2.mapping7.toGuest = "0x03d"
2023-11-24T00:11:19.660Z In(05) vmx DICT pref.keyboardAndMouse.profile2.mapping8.mappingKey = "8"
2023-11-24T00:11:19.660Z In(05) vmx DICT pref.keyboardAndMouse.profile2.mapping8.enabled = "TRUE"
2023-11-24T00:11:19.660Z In(05) vmx DICT pref.keyboardAndMouse.profile2.mapping8.fromHost = "GUI W"
2023-11-24T00:11:19.660Z In(05) vmx DICT pref.keyboardAndMouse.profile2.mapping8.toGuest = "ALT 0x03e"
2023-11-24T00:11:19.660Z In(05) vmx DICT pref.keyboardAndMouse.profile2.mapping9.mappingKey = "9"
2023-11-24T00:11:19.660Z In(05) vmx DICT pref.keyboardAndMouse.profile2.mapping9.enabled = "TRUE"
2023-11-24T00:11:19.660Z In(05) vmx DICT pref.keyboardAndMouse.profile2.mapping9.fromHost = "CONTROL ALT 0xe"
2023-11-24T00:11:19.660Z In(05) vmx DICT pref.keyboardAndMouse.profile2.mapping9.toGuest = "CONTROL ALT 0x153"
2023-11-24T00:11:19.660Z In(05) vmx DICT pref.keyboardAndMouse.profile2.mapping10.mappingKey = "10"
2023-11-24T00:11:19.660Z In(05) vmx DICT pref.keyboardAndMouse.profile2.mapping10.enabled = "FALSE"
2023-11-24T00:11:19.660Z In(05) vmx DICT pref.keyboardAndMouse.profile2.mapping10.fromHost = "0x11c"
2023-11-24T00:11:19.660Z In(05) vmx DICT pref.keyboardAndMouse.profile2.mapping10.toGuest = "0x138"
2023-11-24T00:11:19.660Z In(05) vmx DICT pref.keyboardAndMouse.profile2.mapping11.mappingKey = "11"
2023-11-24T00:11:19.660Z In(05) vmx DICT pref.keyboardAndMouse.profile2.mapping11.enabled = "TRUE"
2023-11-24T00:11:19.660Z In(05) vmx DICT pref.keyboardAndMouse.profile2.mapping11.fromHost = "GUI SHIFT C"
2023-11-24T00:11:19.660Z In(05) vmx DICT pref.keyboardAndMouse.profile2.mapping11.toGuest = "GUI C"
2023-11-24T00:11:19.660Z In(05) vmx DICT pref.keyboardAndMouse.profile2.mapping12.mappingKey = "12"
2023-11-24T00:11:19.660Z In(05) vmx DICT pref.keyboardAndMouse.profile2.mapping12.enabled = "TRUE"
2023-11-24T00:11:19.660Z In(05) vmx DICT pref.keyboardAndMouse.profile2.mapping12.fromHost = "GUI SHIFT H"
2023-11-24T00:11:19.660Z In(05) vmx DICT pref.keyboardAndMouse.profile2.mapping12.toGuest = "GUI H"
2023-11-24T00:11:19.660Z In(05) vmx DICT pref.keyboardAndMouse.profile2.mapping13.mappingKey = "13"
2023-11-24T00:11:19.660Z In(05) vmx DICT pref.keyboardAndMouse.profile2.mapping13.enabled = "TRUE"
2023-11-24T00:11:19.660Z In(05) vmx DICT pref.keyboardAndMouse.profile2.mapping13.fromHost = "GUI SHIFT M"
2023-11-24T00:11:19.660Z In(05) vmx DICT pref.keyboardAndMouse.profile2.mapping13.toGuest = "GUI M"
2023-11-24T00:11:19.660Z In(05) vmx DICT pref.keyboardAndMouse.profile2.mapping14.mappingKey = "14"
2023-11-24T00:11:19.660Z In(05) vmx DICT pref.keyboardAndMouse.profile2.mapping14.enabled = "TRUE"
2023-11-24T00:11:19.660Z In(05) vmx DICT pref.keyboardAndMouse.profile2.mapping14.fromHost = "GUI SHIFT P"
2023-11-24T00:11:19.660Z In(05) vmx DICT pref.keyboardAndMouse.profile2.mapping14.toGuest = "GUI P"
2023-11-24T00:11:19.660Z In(05) vmx DICT pref.keyboardAndMouse.profile2.mapping15.mappingKey = "15"
2023-11-24T00:11:19.660Z In(05) vmx DICT pref.keyboardAndMouse.profile2.mapping15.enabled = "TRUE"
2023-11-24T00:11:19.660Z In(05) vmx DICT pref.keyboardAndMouse.profile2.mapping15.fromHost = "GUI SHIFT F"
2023-11-24T00:11:19.660Z In(05) vmx DICT pref.keyboardAndMouse.profile2.mapping15.toGuest = "GUI Q"
2023-11-24T00:11:19.660Z In(05) vmx DICT pref.keyboardAndMouse.profile2.mapping16.mappingKey = "16"
2023-11-24T00:11:19.660Z In(05) vmx DICT pref.keyboardAndMouse.profile2.mapping16.enabled = "TRUE"
2023-11-24T00:11:19.660Z In(05) vmx DICT pref.keyboardAndMouse.profile2.mapping16.fromHost = "GUI SHIFT V"
2023-11-24T00:11:19.660Z In(05) vmx DICT pref.keyboardAndMouse.profile2.mapping16.toGuest = "GUI V"
2023-11-24T00:11:19.660Z In(05) vmx DICT pref.keyboardAndMouse.profile2.mapping17.mappingKey = "17"
2023-11-24T00:11:19.660Z In(05) vmx DICT pref.keyboardAndMouse.profile2.mapping17.enabled = "TRUE"
2023-11-24T00:11:19.660Z In(05) vmx DICT pref.keyboardAndMouse.profile2.mapping17.fromHost = "GUI SHIFT W"
2023-11-24T00:11:19.660Z In(05) vmx DICT pref.keyboardAndMouse.profile2.mapping17.toGuest = "GUI W"
2023-11-24T00:11:19.660Z In(05) vmx DICT pref.keyboardAndMouse.profile2.mapping18.mappingKey = "18"
2023-11-24T00:11:19.660Z In(05) vmx DICT pref.keyboardAndMouse.profile2.mapping18.enabled = "TRUE"
2023-11-24T00:11:19.660Z In(05) vmx DICT pref.keyboardAndMouse.profile2.mapping18.fromHost = "GUI SHIFT X"
2023-11-24T00:11:19.660Z In(05) vmx DICT pref.keyboardAndMouse.profile2.mapping18.toGuest = "GUI X"
2023-11-24T00:11:19.660Z In(05) vmx DICT pref.keyboardAndMouse.profile2.mapping19.mappingKey = "19"
2023-11-24T00:11:19.660Z In(05) vmx DICT pref.keyboardAndMouse.profile2.mapping19.enabled = "TRUE"
2023-11-24T00:11:19.660Z In(05) vmx DICT pref.keyboardAndMouse.profile2.mapping19.fromHost = "GUI SHIFT Z"
2023-11-24T00:11:19.660Z In(05) vmx DICT pref.keyboardAndMouse.profile2.mapping19.toGuest = "GUI Z"
2023-11-24T00:11:19.660Z In(05) vmx DICT pref.keyboardAndMouse.profile2.mapping20.mappingKey = "20"
2023-11-24T00:11:19.660Z In(05) vmx DICT pref.keyboardAndMouse.profile2.mapping20.enabled = "TRUE"
2023-11-24T00:11:19.660Z In(05) vmx DICT pref.keyboardAndMouse.profile2.mapping20.fromHost = "Mouse1 Control"
2023-11-24T00:11:19.660Z In(05) vmx DICT pref.keyboardAndMouse.profile2.mapping20.toGuest = "Mouse2"
2023-11-24T00:11:19.660Z In(05) vmx DICT pref.keyboardAndMouse.profile2.mapping21.mappingKey = "21"
2023-11-24T00:11:19.660Z In(05) vmx DICT pref.keyboardAndMouse.profile2.mapping21.enabled = "TRUE"
2023-11-24T00:11:19.660Z In(05) vmx DICT pref.keyboardAndMouse.profile2.mapping21.fromHost = "Mouse1 GUI"
2023-11-24T00:11:19.660Z In(05) vmx DICT pref.keyboardAndMouse.profile2.mapping21.toGuest = "Mouse3"
2023-11-24T00:11:19.660Z In(05) vmx DICT pref.keyboardAndMouse.profile2.mapping22.mappingKey = "22"
2023-11-24T00:11:19.660Z In(05) vmx DICT pref.keyboardAndMouse.profile2.mapping22.enabled = "TRUE"
2023-11-24T00:11:19.660Z In(05) vmx DICT pref.keyboardAndMouse.profile2.mapping22.fromHost = "GUI CONTROL"
2023-11-24T00:11:19.660Z In(05) vmx DICT pref.keyboardAndMouse.profile2.mapping22.toGuest = "Ungrab"
2023-11-24T00:11:19.660Z In(05) vmx DICT pref.keyboardAndMouse.profile2.mapping23.mappingKey = "23"
2023-11-24T00:11:19.660Z In(05) vmx DICT pref.keyboardAndMouse.profile2.mapping23.enabled = "TRUE"
2023-11-24T00:11:19.660Z In(05) vmx DICT pref.keyboardAndMouse.profile2.mapping23.fromHost = "GUI CONTROL F"
2023-11-24T00:11:19.660Z In(05) vmx DICT pref.keyboardAndMouse.profile2.mapping23.toGuest = "Fullscreen"
2023-11-24T00:11:19.660Z In(05) vmx DICT pref.keyboardAndMouse.profile2.mapping24.mappingKey = "24"
2023-11-24T00:11:19.660Z In(05) vmx DICT pref.keyboardAndMouse.profile2.mapping24.enabled = "TRUE"
2023-11-24T00:11:19.660Z In(05) vmx DICT pref.keyboardAndMouse.profile2.mapping24.fromHost = "GUI SHIFT U"
2023-11-24T00:11:19.660Z In(05) vmx DICT pref.keyboardAndMouse.profile2.mapping24.toGuest = "Unity"
2023-11-24T00:11:19.660Z In(05) vmx DICT pref.keyboardAndMouse.profile2.mapping25.mappingKey = "25"
2023-11-24T00:11:19.660Z In(05) vmx DICT pref.keyboardAndMouse.profile2.mapping25.enabled = "TRUE"
2023-11-24T00:11:19.660Z In(05) vmx DICT pref.keyboardAndMouse.profile2.mapping25.fromHost = "GUI CONTROL S"
2023-11-24T00:11:19.660Z In(05) vmx DICT pref.keyboardAndMouse.profile2.mapping25.toGuest = "SingleWindow"
2023-11-24T00:11:19.660Z In(05) vmx DICT pref.keyboardAndMouse.profile2.mapping26.mappingKey = "26"
2023-11-24T00:11:19.660Z In(05) vmx DICT pref.keyboardAndMouse.profile2.mapping26.enabled = "TRUE"
2023-11-24T00:11:19.660Z In(05) vmx DICT pref.keyboardAndMouse.profile2.mapping26.fromHost = "GUI 0x029"
2023-11-24T00:11:19.660Z In(05) vmx DICT pref.keyboardAndMouse.profile2.mapping26.toGuest = "CycleWindow"
2023-11-24T00:11:19.660Z In(05) vmx DICT pref.keyboardAndMouse.profile2.mapping27.mappingKey = "27"
2023-11-24T00:11:19.660Z In(05) vmx DICT pref.keyboardAndMouse.profile2.mapping27.enabled = "TRUE"
2023-11-24T00:11:19.660Z In(05) vmx DICT pref.keyboardAndMouse.profile2.mapping27.fromHost = "GUI SHIFT 0x029"
2023-11-24T00:11:19.660Z In(05) vmx DICT pref.keyboardAndMouse.profile2.mapping27.toGuest = "CycleWindowReverse"
2023-11-24T00:11:19.660Z In(05) vmx DICT pref.keyboardAndMouse.profile2.mapping28.mappingKey = "28"
2023-11-24T00:11:19.660Z In(05) vmx DICT pref.keyboardAndMouse.profile2.mapping28.enabled = "TRUE"
2023-11-24T00:11:19.660Z In(05) vmx DICT pref.keyboardAndMouse.profile2.mapping28.fromHost = "GUI H"
2023-11-24T00:11:19.660Z In(05) vmx DICT pref.keyboardAndMouse.profile2.mapping28.toGuest = "HideApplication"
2023-11-24T00:11:19.660Z In(05) vmx DICT pref.keyboardAndMouse.profile2.mapping29.mappingKey = "29"
2023-11-24T00:11:19.660Z In(05) vmx DICT pref.keyboardAndMouse.profile2.mapping29.enabled = "TRUE"
2023-11-24T00:11:19.660Z In(05) vmx DICT pref.keyboardAndMouse.profile2.mapping29.fromHost = "GUI M"
2023-11-24T00:11:19.660Z In(05) vmx DICT pref.keyboardAndMouse.profile2.mapping29.toGuest = "MinimizeWindow"
2023-11-24T00:11:19.660Z In(05) vmx DICT pref.keyboardAndMouse.profile2.mapping30.mappingKey = "30"
2023-11-24T00:11:19.660Z In(05) vmx DICT pref.keyboardAndMouse.profile2.mapping30.enabled = "TRUE"
2023-11-24T00:11:19.660Z In(05) vmx DICT pref.keyboardAndMouse.profile2.mapping30.fromHost = "GUI Q"
2023-11-24T00:11:19.660Z In(05) vmx DICT pref.keyboardAndMouse.profile2.mapping30.toGuest = "Quit"
2023-11-24T00:11:19.660Z In(05) vmx DICT pref.keyboardAndMouse.profile2.mapping31.mappingKey = "31"
2023-11-24T00:11:19.660Z In(05) vmx DICT pref.keyboardAndMouse.profile2.mapping31.enabled = "TRUE"
2023-11-24T00:11:19.660Z In(05) vmx DICT pref.keyboardAndMouse.profile2.mapping31.fromHost = "GUI ALT SHIFT M"
2023-11-24T00:11:19.660Z In(05) vmx DICT pref.keyboardAndMouse.profile2.mapping31.toGuest = "ToggleHideMenu"
2023-11-24T00:11:19.660Z In(05) vmx DICT pref.keyboardAndMouse.profile2.mapping32.mappingKey = "32"
2023-11-24T00:11:19.660Z In(05) vmx DICT pref.keyboardAndMouse.profile2.mapping32.enabled = "FALSE"
2023-11-24T00:11:19.660Z In(05) vmx DICT pref.keyboardAndMouse.profile2.mapping32.fromHost = "GUI E"
2023-11-24T00:11:19.660Z In(05) vmx DICT pref.keyboardAndMouse.profile2.mapping32.toGuest = "Settings"
2023-11-24T00:11:19.660Z In(05) vmx DICT pref.keyboardAndMouse.profile3.profileKey = "52be73ab-13e0-e392-7ffc-62e7d513e8bd"
2023-11-24T00:11:19.660Z In(05) vmx DICT pref.keyboardAndMouse.profile3.profileName = "Profile"
2023-11-24T00:11:19.660Z In(05) vmx DICT pref.keyboardAndMouse.profile3.profileType = "standard"
2023-11-24T00:11:19.660Z In(05) vmx DICT pref.keyboardAndMouse.profile3.enableOSShortcuts = "TRUE"
2023-11-24T00:11:19.660Z In(05) vmx DICT pref.keyboardAndMouse.profile3.enableKeyMappings = "TRUE"
2023-11-24T00:11:19.660Z In(05) vmx DICT pref.keyboardAndMouse.profile3.languageSpecificKeyMappingsEnabled = "TRUE"
2023-11-24T00:11:19.660Z In(05) vmx DICT pref.keyboardAndMouse.profile3.selectedLanguage = ""
2023-11-24T00:11:19.660Z In(05) vmx DICT pref.keyboardAndMouse.profile3.cmdKeyFilterType = "none"
2023-11-24T00:11:19.660Z In(05) vmx DICT pref.keyboardAndMouse.profile3.maxMappings = "25"
2023-11-24T00:11:19.660Z In(05) vmx DICT pref.keyboardAndMouse.profile3.mapping0.mappingKey = "0"
2023-11-24T00:11:19.660Z In(05) vmx DICT pref.keyboardAndMouse.profile3.mapping0.enabled = "TRUE"
2023-11-24T00:11:19.660Z In(05) vmx DICT pref.keyboardAndMouse.profile3.mapping0.fromHost = "GUI Z"
2023-11-24T00:11:19.660Z In(05) vmx DICT pref.keyboardAndMouse.profile3.mapping0.toGuest = "CONTROL Z"
2023-11-24T00:11:19.660Z In(05) vmx DICT pref.keyboardAndMouse.profile3.mapping1.mappingKey = "1"
2023-11-24T00:11:19.660Z In(05) vmx DICT pref.keyboardAndMouse.profile3.mapping1.enabled = "TRUE"
2023-11-24T00:11:19.660Z In(05) vmx DICT pref.keyboardAndMouse.profile3.mapping1.fromHost = "GUI X"
2023-11-24T00:11:19.660Z In(05) vmx DICT pref.keyboardAndMouse.profile3.mapping1.toGuest = "CONTROL X"
2023-11-24T00:11:19.660Z In(05) vmx DICT pref.keyboardAndMouse.profile3.mapping2.mappingKey = "2"
2023-11-24T00:11:19.660Z In(05) vmx DICT pref.keyboardAndMouse.profile3.mapping2.enabled = "TRUE"
2023-11-24T00:11:19.660Z In(05) vmx DICT pref.keyboardAndMouse.profile3.mapping2.fromHost = "GUI C"
2023-11-24T00:11:19.660Z In(05) vmx DICT pref.keyboardAndMouse.profile3.mapping2.toGuest = "CONTROL C"
2023-11-24T00:11:19.660Z In(05) vmx DICT pref.keyboardAndMouse.profile3.mapping3.mappingKey = "3"
2023-11-24T00:11:19.660Z In(05) vmx DICT pref.keyboardAndMouse.profile3.mapping3.enabled = "TRUE"
2023-11-24T00:11:19.660Z In(05) vmx DICT pref.keyboardAndMouse.profile3.mapping3.fromHost = "GUI V"
2023-11-24T00:11:19.660Z In(05) vmx DICT pref.keyboardAndMouse.profile3.mapping3.toGuest = "CONTROL V"
2023-11-24T00:11:19.660Z In(05) vmx DICT pref.keyboardAndMouse.profile3.mapping4.mappingKey = "4"
2023-11-24T00:11:19.660Z In(05) vmx DICT pref.keyboardAndMouse.profile3.mapping4.enabled = "TRUE"
2023-11-24T00:11:19.660Z In(05) vmx DICT pref.keyboardAndMouse.profile3.mapping4.fromHost = "GUI P"
2023-11-24T00:11:19.660Z In(05) vmx DICT pref.keyboardAndMouse.profile3.mapping4.toGuest = "CONTROL P"
2023-11-24T00:11:19.660Z In(05) vmx DICT pref.keyboardAndMouse.profile3.mapping5.mappingKey = "5"
2023-11-24T00:11:19.660Z In(05) vmx DICT pref.keyboardAndMouse.profile3.mapping5.enabled = "TRUE"
2023-11-24T00:11:19.660Z In(05) vmx DICT pref.keyboardAndMouse.profile3.mapping5.fromHost = "GUI A"
2023-11-24T00:11:19.660Z In(05) vmx DICT pref.keyboardAndMouse.profile3.mapping5.toGuest = "CONTROL A"
2023-11-24T00:11:19.660Z In(05) vmx DICT pref.keyboardAndMouse.profile3.mapping6.mappingKey = "6"
2023-11-24T00:11:19.660Z In(05) vmx DICT pref.keyboardAndMouse.profile3.mapping6.enabled = "TRUE"
2023-11-24T00:11:19.660Z In(05) vmx DICT pref.keyboardAndMouse.profile3.mapping6.fromHost = "GUI S"
2023-11-24T00:11:19.660Z In(05) vmx DICT pref.keyboardAndMouse.profile3.mapping6.toGuest = "CONTROL S"
2023-11-24T00:11:19.660Z In(05) vmx DICT pref.keyboardAndMouse.profile3.mapping7.mappingKey = "7"
2023-11-24T00:11:19.660Z In(05) vmx DICT pref.keyboardAndMouse.profile3.mapping7.enabled = "TRUE"
2023-11-24T00:11:19.660Z In(05) vmx DICT pref.keyboardAndMouse.profile3.mapping7.fromHost = "GUI F"
2023-11-24T00:11:19.660Z In(05) vmx DICT pref.keyboardAndMouse.profile3.mapping7.toGuest = "0x03d"
2023-11-24T00:11:19.660Z In(05) vmx DICT pref.keyboardAndMouse.profile3.mapping8.mappingKey = "8"
2023-11-24T00:11:19.660Z In(05) vmx DICT pref.keyboardAndMouse.profile3.mapping8.enabled = "TRUE"
2023-11-24T00:11:19.660Z In(05) vmx DICT pref.keyboardAndMouse.profile3.mapping8.fromHost = "GUI W"
2023-11-24T00:11:19.660Z In(05) vmx DICT pref.keyboardAndMouse.profile3.mapping8.toGuest = "ALT 0x03e"
2023-11-24T00:11:19.660Z In(05) vmx DICT pref.keyboardAndMouse.profile3.mapping9.mappingKey = "9"
2023-11-24T00:11:19.660Z In(05) vmx DICT pref.keyboardAndMouse.profile3.mapping9.enabled = "TRUE"
2023-11-24T00:11:19.660Z In(05) vmx DICT pref.keyboardAndMouse.profile3.mapping9.fromHost = "CONTROL ALT 0xe"
2023-11-24T00:11:19.660Z In(05) vmx DICT pref.keyboardAndMouse.profile3.mapping9.toGuest = "CONTROL ALT 0x153"
2023-11-24T00:11:19.660Z In(05) vmx DICT pref.keyboardAndMouse.profile3.mapping10.mappingKey = "10"
2023-11-24T00:11:19.660Z In(05) vmx DICT pref.keyboardAndMouse.profile3.mapping10.enabled = "FALSE"
2023-11-24T00:11:19.660Z In(05) vmx DICT pref.keyboardAndMouse.profile3.mapping10.fromHost = "0x11c"
2023-11-24T00:11:19.660Z In(05) vmx DICT pref.keyboardAndMouse.profile3.mapping10.toGuest = "0x138"
2023-11-24T00:11:19.660Z In(05) vmx DICT pref.keyboardAndMouse.profile3.mapping11.mappingKey = "11"
2023-11-24T00:11:19.660Z In(05) vmx DICT pref.keyboardAndMouse.profile3.mapping11.enabled = "TRUE"
2023-11-24T00:11:19.660Z In(05) vmx DICT pref.keyboardAndMouse.profile3.mapping11.fromHost = "Mouse1 Control"
2023-11-24T00:11:19.660Z In(05) vmx DICT pref.keyboardAndMouse.profile3.mapping11.toGuest = "Mouse2"
2023-11-24T00:11:19.660Z In(05) vmx DICT pref.keyboardAndMouse.profile3.mapping12.mappingKey = "12"
2023-11-24T00:11:19.660Z In(05) vmx DICT pref.keyboardAndMouse.profile3.mapping12.enabled = "TRUE"
2023-11-24T00:11:19.660Z In(05) vmx DICT pref.keyboardAndMouse.profile3.mapping12.fromHost = "Mouse1 GUI"
2023-11-24T00:11:19.660Z In(05) vmx DICT pref.keyboardAndMouse.profile3.mapping12.toGuest = "Mouse3"
2023-11-24T00:11:19.660Z In(05) vmx DICT pref.keyboardAndMouse.profile3.mapping13.mappingKey = "13"
2023-11-24T00:11:19.660Z In(05) vmx DICT pref.keyboardAndMouse.profile3.mapping13.enabled = "TRUE"
2023-11-24T00:11:19.660Z In(05) vmx DICT pref.keyboardAndMouse.profile3.mapping13.fromHost = "GUI CONTROL"
2023-11-24T00:11:19.660Z In(05) vmx DICT pref.keyboardAndMouse.profile3.mapping13.toGuest = "Ungrab"
2023-11-24T00:11:19.660Z In(05) vmx DICT pref.keyboardAndMouse.profile3.mapping14.mappingKey = "14"
2023-11-24T00:11:19.660Z In(05) vmx DICT pref.keyboardAndMouse.profile3.mapping14.enabled = "TRUE"
2023-11-24T00:11:19.660Z In(05) vmx DICT pref.keyboardAndMouse.profile3.mapping14.fromHost = "GUI CONTROL F"
2023-11-24T00:11:19.660Z In(05) vmx DICT pref.keyboardAndMouse.profile3.mapping14.toGuest = "Fullscreen"
2023-11-24T00:11:19.660Z In(05) vmx DICT pref.keyboardAndMouse.profile3.mapping15.mappingKey = "15"
2023-11-24T00:11:19.660Z In(05) vmx DICT pref.keyboardAndMouse.profile3.mapping15.enabled = "TRUE"
2023-11-24T00:11:19.660Z In(05) vmx DICT pref.keyboardAndMouse.profile3.mapping15.fromHost = "GUI CONTROL U"
2023-11-24T00:11:19.660Z In(05) vmx DICT pref.keyboardAndMouse.profile3.mapping15.toGuest = "Unity"
2023-11-24T00:11:19.660Z In(05) vmx DICT pref.keyboardAndMouse.profile3.mapping16.mappingKey = "16"
2023-11-24T00:11:19.660Z In(05) vmx DICT pref.keyboardAndMouse.profile3.mapping16.enabled = "TRUE"
2023-11-24T00:11:19.660Z In(05) vmx DICT pref.keyboardAndMouse.profile3.mapping16.fromHost = "GUI SHIFT U"
2023-11-24T00:11:19.660Z In(05) vmx DICT pref.keyboardAndMouse.profile3.mapping16.toGuest = "Unity"
2023-11-24T00:11:19.660Z In(05) vmx DICT pref.keyboardAndMouse.profile3.mapping17.mappingKey = "17"
2023-11-24T00:11:19.660Z In(05) vmx DICT pref.keyboardAndMouse.profile3.mapping17.enabled = "TRUE"
2023-11-24T00:11:19.660Z In(05) vmx DICT pref.keyboardAndMouse.profile3.mapping17.fromHost = "GUI CONTROL S"
2023-11-24T00:11:19.660Z In(05) vmx DICT pref.keyboardAndMouse.profile3.mapping17.toGuest = "SingleWindow"
2023-11-24T00:11:19.660Z In(05) vmx DICT pref.keyboardAndMouse.profile3.mapping18.mappingKey = "18"
2023-11-24T00:11:19.660Z In(05) vmx DICT pref.keyboardAndMouse.profile3.mapping18.enabled = "TRUE"
2023-11-24T00:11:19.660Z In(05) vmx DICT pref.keyboardAndMouse.profile3.mapping18.fromHost = "GUI 0x029"
2023-11-24T00:11:19.660Z In(05) vmx DICT pref.keyboardAndMouse.profile3.mapping18.toGuest = "CycleWindow"
2023-11-24T00:11:19.660Z In(05) vmx DICT pref.keyboardAndMouse.profile3.mapping19.mappingKey = "19"
2023-11-24T00:11:19.660Z In(05) vmx DICT pref.keyboardAndMouse.profile3.mapping19.enabled = "TRUE"
2023-11-24T00:11:19.660Z In(05) vmx DICT pref.keyboardAndMouse.profile3.mapping19.fromHost = "GUI SHIFT 0x029"
2023-11-24T00:11:19.660Z In(05) vmx DICT pref.keyboardAndMouse.profile3.mapping19.toGuest = "CycleWindowReverse"
2023-11-24T00:11:19.660Z In(05) vmx DICT pref.keyboardAndMouse.profile3.mapping20.mappingKey = "20"
2023-11-24T00:11:19.660Z In(05) vmx DICT pref.keyboardAndMouse.profile3.mapping20.enabled = "TRUE"
2023-11-24T00:11:19.660Z In(05) vmx DICT pref.keyboardAndMouse.profile3.mapping20.fromHost = "GUI H"
2023-11-24T00:11:19.660Z In(05) vmx DICT pref.keyboardAndMouse.profile3.mapping20.toGuest = "HideApplication"
2023-11-24T00:11:19.660Z In(05) vmx DICT pref.keyboardAndMouse.profile3.mapping21.mappingKey = "21"
2023-11-24T00:11:19.660Z In(05) vmx DICT pref.keyboardAndMouse.profile3.mapping21.enabled = "TRUE"
2023-11-24T00:11:19.660Z In(05) vmx DICT pref.keyboardAndMouse.profile3.mapping21.fromHost = "GUI M"
2023-11-24T00:11:19.660Z In(05) vmx DICT pref.keyboardAndMouse.profile3.mapping21.toGuest = "MinimizeWindow"
2023-11-24T00:11:19.660Z In(05) vmx DICT pref.keyboardAndMouse.profile3.mapping22.mappingKey = "22"
2023-11-24T00:11:19.660Z In(05) vmx DICT pref.keyboardAndMouse.profile3.mapping22.enabled = "TRUE"
2023-11-24T00:11:19.660Z In(05) vmx DICT pref.keyboardAndMouse.profile3.mapping22.fromHost = "GUI Q"
2023-11-24T00:11:19.660Z In(05) vmx DICT pref.keyboardAndMouse.profile3.mapping22.toGuest = "Quit"
2023-11-24T00:11:19.660Z In(05) vmx DICT pref.keyboardAndMouse.profile3.mapping23.mappingKey = "23"
2023-11-24T00:11:19.660Z In(05) vmx DICT pref.keyboardAndMouse.profile3.mapping23.enabled = "TRUE"
2023-11-24T00:11:19.660Z In(05) vmx DICT pref.keyboardAndMouse.profile3.mapping23.fromHost = "GUI SHIFT M"
2023-11-24T00:11:19.660Z In(05) vmx DICT pref.keyboardAndMouse.profile3.mapping23.toGuest = "ToggleHideMenu"
2023-11-24T00:11:19.660Z In(05) vmx DICT pref.keyboardAndMouse.profile3.mapping24.mappingKey = "24"
2023-11-24T00:11:19.660Z In(05) vmx DICT pref.keyboardAndMouse.profile3.mapping24.enabled = "FALSE"
2023-11-24T00:11:19.660Z In(05) vmx DICT pref.keyboardAndMouse.profile3.mapping24.fromHost = "GUI E"
2023-11-24T00:11:19.660Z In(05) vmx DICT pref.keyboardAndMouse.profile3.mapping24.toGuest = "Settings"
2023-11-24T00:11:19.660Z In(05) vmx DICT   pref.lastUpdateCheckSec = "1700783913"
2023-11-24T00:11:19.660Z In(05) vmx DICT --- USER DEFAULTS /Users/michael/Library/Preferences/VMware Fusion/config
2023-11-24T00:11:19.660Z In(05) vmx DICT --- HOST DEFAULTS /Library/Preferences/VMware Fusion/config
2023-11-24T00:11:19.660Z In(05) vmx DICT --- SITE DEFAULTS /Applications/VMware Fusion.app/Contents/Library/config
2023-11-24T00:11:19.660Z In(05) vmx DICT --- NONPERSISTENT
2023-11-24T00:11:19.660Z In(05) vmx DICT  vmx.noUIBuildNumberCheck = "TRUE"
2023-11-24T00:11:19.660Z In(05) vmx DICT             gui.available = "TRUE"
2023-11-24T00:11:19.660Z In(05) vmx DICT --- COMMAND LINE
2023-11-24T00:11:19.660Z In(05) vmx DICT  vmx.noUIBuildNumberCheck = "TRUE"
2023-11-24T00:11:19.660Z In(05) vmx DICT             gui.available = "TRUE"
2023-11-24T00:11:19.660Z In(05) vmx DICT --- RECORDING
2023-11-24T00:11:19.660Z In(05) vmx DICT  vmx.noUIBuildNumberCheck = "TRUE"
2023-11-24T00:11:19.660Z In(05) vmx DICT             gui.available = "TRUE"
2023-11-24T00:11:19.660Z In(05) vmx DICT --- CONFIGURATION /Users/michael/Documents/puppet/vms/vagrant/.vagrant/machines/default/vmware_desktop/1987d76f-8d77-4048-97b9-2f9fab2b726b/centos-7-1-1.x86_64.vmx 
2023-11-24T00:11:19.660Z In(05) vmx DICT             cleanshutdown = "TRUE"
2023-11-24T00:11:19.660Z In(05) vmx DICT            config.version = "8"
2023-11-24T00:11:19.660Z In(05) vmx DICT      cpuid.corespersocket = "1"
2023-11-24T00:11:19.660Z In(05) vmx DICT               displayname = "vagrant: default"
2023-11-24T00:11:19.660Z In(05) vmx DICT     ethernet0.addresstype = "generated"
2023-11-24T00:11:19.660Z In(05) vmx DICT  ethernet0.connectiontype = "nat"
2023-11-24T00:11:19.660Z In(05) vmx DICT         ethernet0.present = "TRUE"
2023-11-24T00:11:19.660Z In(05) vmx DICT      ethernet0.virtualdev = "e1000e"
2023-11-24T00:11:19.660Z In(05) vmx DICT        extendedconfigfile = "centos-7-1-1.x86_64.vmxf"
2023-11-24T00:11:19.660Z In(05) vmx DICT           floppy0.present = "FALSE"
2023-11-24T00:11:19.660Z In(05) vmx DICT                   guestos = "linux"
2023-11-24T00:11:19.660Z In(05) vmx DICT                   memsize = "1024"
2023-11-24T00:11:19.660Z In(05) vmx DICT            msg.autoanswer = "true"
2023-11-24T00:11:19.660Z In(05) vmx DICT                  numvcpus = "1"
2023-11-24T00:11:19.660Z In(05) vmx DICT        pcibridge0.present = "TRUE"
2023-11-24T00:11:19.660Z In(05) vmx DICT      pcibridge4.functions = "8"
2023-11-24T00:11:19.660Z In(05) vmx DICT        pcibridge4.present = "TRUE"
2023-11-24T00:11:19.660Z In(05) vmx DICT     pcibridge4.virtualdev = "pcieRootPort"
2023-11-24T00:11:19.660Z In(05) vmx DICT      pcibridge5.functions = "8"
2023-11-24T00:11:19.660Z In(05) vmx DICT        pcibridge5.present = "TRUE"
2023-11-24T00:11:19.660Z In(05) vmx DICT     pcibridge5.virtualdev = "pcieRootPort"
2023-11-24T00:11:19.660Z In(05) vmx DICT      pcibridge6.functions = "8"
2023-11-24T00:11:19.660Z In(05) vmx DICT        pcibridge6.present = "TRUE"
2023-11-24T00:11:19.660Z In(05) vmx DICT     pcibridge6.virtualdev = "pcieRootPort"
2023-11-24T00:11:19.660Z In(05) vmx DICT      pcibridge7.functions = "8"
2023-11-24T00:11:19.660Z In(05) vmx DICT        pcibridge7.present = "TRUE"
2023-11-24T00:11:19.660Z In(05) vmx DICT     pcibridge7.virtualdev = "pcieRootPort"
2023-11-24T00:11:19.660Z In(05) vmx DICT          replay.supported = "FALSE"
2023-11-24T00:11:19.660Z In(05) vmx DICT       scsi0.pcislotnumber = "16"
2023-11-24T00:11:19.660Z In(05) vmx DICT             scsi0.present = "TRUE"
2023-11-24T00:11:19.660Z In(05) vmx DICT          scsi0.virtualdev = "pvscsi"
2023-11-24T00:11:19.660Z In(05) vmx DICT        scsi0:0.devicetype = "disk"
2023-11-24T00:11:19.660Z In(05) vmx DICT          scsi0:0.filename = "centos-7-1-1.x86_64-disk1-000001.vmdk"
2023-11-24T00:11:19.660Z In(05) vmx DICT              scsi0:0.mode = "persistent"
2023-11-24T00:11:19.660Z In(05) vmx DICT           scsi0:0.present = "TRUE"
2023-11-24T00:11:19.660Z In(05) vmx DICT      scsi0:0.writethrough = "FALSE"
2023-11-24T00:11:19.660Z In(05) vmx DICT              softpoweroff = "FALSE"
2023-11-24T00:11:19.660Z In(05) vmx DICT            tools.synctime = "FALSE"
2023-11-24T00:11:19.660Z In(05) vmx DICT  toolscripts.afterpoweron = "TRUE"
2023-11-24T00:11:19.660Z In(05) vmx DICT   toolscripts.afterresume = "TRUE"
2023-11-24T00:11:19.660Z In(05) vmx DICT toolscripts.beforepoweroff = "TRUE"
2023-11-24T00:11:19.660Z In(05) vmx DICT toolscripts.beforesuspend = "TRUE"
2023-11-24T00:11:19.660Z In(05) vmx DICT               uuid.action = "create"
2023-11-24T00:11:19.660Z In(05) vmx DICT                vhv.enable = "FALSE"
2023-11-24T00:11:19.660Z In(05) vmx DICT virtualhw.productcompatibility = "hosted"
2023-11-24T00:11:19.660Z In(05) vmx DICT         virtualhw.version = "8"
2023-11-24T00:11:19.660Z In(05) vmx DICT             vmci0.present = "TRUE"
2023-11-24T00:11:19.660Z In(05) vmx DICT         vmxstats.filename = "centos-7-1-1.x86_64.scoreboard"
2023-11-24T00:11:19.660Z In(05) vmx DICT --- USER DEFAULTS ~/Library/Preferences/VMware Fusion/config 
2023-11-24T00:11:19.660Z In(05) vmx DICT --- HOST DEFAULTS /Library/Preferences/VMware Fusion/config 
2023-11-24T00:11:19.660Z In(05) vmx DICT --- SITE DEFAULTS /dev/null/Non-existing DEFAULT_LIBDIRECTORY/config 
2023-11-24T00:11:19.660Z In(05) vmx DICT --- GLOBAL SETTINGS /dev/null/Non-existing DEFAULT_LIBDIRECTORY/settings 
2023-11-24T00:11:19.661Z In(05) vmx VMXSTATS: Registering 1 stats: vmx.diskLibDataVmdkOpenTime
2023-11-24T00:11:19.661Z In(05) vmx VMXSTATS: Registering 2 stats: vmx.diskLibDataVmdkOpenTime
2023-11-24T00:11:19.661Z In(05) vmx VMXSTATS: Registering 3 stats: vmx.diskLibDataVmdkGrowTime
2023-11-24T00:11:19.661Z In(05) vmx VMXSTATS: Registering 4 stats: vmx.diskLibDataVmdkGrowTime
2023-11-24T00:11:19.661Z In(05) vmx VMXSTATS: Registering 5 stats: vmx.diskLibDigestVmdkOpenTime
2023-11-24T00:11:19.661Z In(05) vmx VMXSTATS: Registering 6 stats: vmx.diskLibDigestVmdkOpenTime
2023-11-24T00:11:19.661Z In(05) vmx VMXSTATS: Registering 7 stats: vmx.diskLibDigestVmdkGrowTime
2023-11-24T00:11:19.661Z In(05) vmx VMXSTATS: Registering 8 stats: vmx.diskLibDigestVmdkGrowTime
2023-11-24T00:11:19.661Z In(05) vmx VMXSTATS: Registering 9 stats: vmx.diskLibDigestFileDataGrowTime
2023-11-24T00:11:19.661Z In(05) vmx VMXSTATS: Registering 10 stats: vmx.diskLibDigestFileDataGrowTime
2023-11-24T00:11:19.661Z In(05) vmx VMXSTATS: Registering 11 stats: vmx.digestLibOpenIntTime
2023-11-24T00:11:19.661Z In(05) vmx VMXSTATS: Registering 12 stats: vmx.digestLibOpenIntTime
2023-11-24T00:11:19.661Z In(05) vmx VMXSTATS: Registering 13 stats: vmx.diskLibDataVmdkCloseTime
2023-11-24T00:11:19.661Z In(05) vmx VMXSTATS: Registering 14 stats: vmx.diskLibDataVmdkCloseTime
2023-11-24T00:11:19.661Z In(05) vmx VMXSTATS: Registering 15 stats: vmx.diskLibDigestVmdkCloseTime
2023-11-24T00:11:19.661Z In(05) vmx VMXSTATS: Registering 16 stats: vmx.diskLibDigestVmdkCloseTime
2023-11-24T00:11:19.661Z In(05) vmx VMXSTATS: Registering 17 stats: vmx.diskLibVmdkCreateTime
2023-11-24T00:11:19.661Z In(05) vmx VMXSTATS: Registering 18 stats: vmx.diskLibVmdkCreateTime
2023-11-24T00:11:19.661Z In(05) vmx VMXSTATS: Registering 19 stats: vmx.diskLibChildVmdkCreateTime
2023-11-24T00:11:19.661Z In(05) vmx VMXSTATS: Registering 20 stats: vmx.diskLibChildVmdkCreateTime
2023-11-24T00:11:19.661Z In(05) vmx VMXSTATS: Registering 21 stats: vmx.snapshotCreateTime
2023-11-24T00:11:19.661Z In(05) vmx VMXSTATS: Registering 22 stats: vmx.snapshotCreateTime
2023-11-24T00:11:19.661Z In(05) vmx VMXSTATS: Registering 23 stats: vmx.snapshotCreateQuiescedTime
2023-11-24T00:11:19.661Z In(05) vmx VMXSTATS: Registering 24 stats: vmx.snapshotCreateQuiescedTime
2023-11-24T00:11:19.661Z In(05) vmx VMXSTATS: Registering 25 stats: vmx.snapshotCreateMemoryTime
2023-11-24T00:11:19.661Z In(05) vmx VMXSTATS: Registering 26 stats: vmx.snapshotCreateMemoryTime
2023-11-24T00:11:19.661Z In(05) vmx VMXSTATS: Registering 27 stats: vmx.snapshotDeleteTime
2023-11-24T00:11:19.661Z In(05) vmx VMXSTATS: Registering 28 stats: vmx.snapshotDeleteTime
2023-11-24T00:11:19.661Z In(05) vmx VMXSTATS: Registering 29 stats: vmx.snapshotConsolidateTime
2023-11-24T00:11:19.661Z In(05) vmx VMXSTATS: Registering 30 stats: vmx.snapshotConsolidateTime
2023-11-24T00:11:19.661Z In(05) vmx VMXSTATS: Registering 31 stats: vmx.checkpointStunTime
2023-11-24T00:11:19.661Z In(05) vmx VMXSTATS: Registering 32 stats: vmx.checkpointStunTime
2023-11-24T00:11:19.661Z In(05) vmx VMXSTATS: Registering 33 stats: vmx.setPolicyTime
2023-11-24T00:11:19.661Z In(05) vmx VMXSTATS: Registering 34 stats: vmx.setPolicyTime
2023-11-24T00:11:19.661Z In(05) vmx VMXSTATS: Registering 35 stats: vmx.filtlibApplyDiskConfigTime
2023-11-24T00:11:19.661Z In(05) vmx VMXSTATS: Registering 36 stats: vmx.filtlibApplyDiskConfigTime
2023-11-24T00:11:19.661Z In(05) vmx VMXSTATS: Registering 37 stats: vmx.diskLibGetInfoTime
2023-11-24T00:11:19.661Z In(05) vmx VMXSTATS: Registering 38 stats: vmx.diskLibGetInfoTime
2023-11-24T00:11:19.661Z In(05) vmx VMXSTATS: Registering 39 stats: vmx.diskLibDigestGetInfoTime
2023-11-24T00:11:19.661Z In(05) vmx VMXSTATS: Registering 40 stats: vmx.diskLibDigestGetInfoTime
2023-11-24T00:11:19.661Z In(05) vmx Msg_Post: Error
2023-11-24T00:11:19.661Z In(05) vmx [msg.guestos.badArch] This virtual machine cannot be powered on because it requires the X86 machine architecture, which is incompatible with this Arm machine architecture host. See KB-84273.
2023-11-24T00:11:19.661Z In(05) vmx ----------------------------------------
2023-11-24T00:11:19.661Z In(05) vmx MsgIsAnswered: Using builtin default 'OK' as the answer for 'msg.guestos.badArch'
2023-11-24T00:11:19.661Z In(05) vmx Module 'GuestOS' power on failed.
2023-11-24T00:11:19.661Z In(05) vmx VMX_PowerOn: ModuleTable_PowerOn = 0
2023-11-24T00:11:19.661Z In(05) vmx VMXSTATS: Ready to cleanup and munmap 103BD8000.
2023-11-24T00:11:19.661Z In(05) vmx Vix: [mainDispatch.c:4212]: VMAutomation_ReportPowerOpFinished: statevar=0, newAppState=1870, success=1 additionalError=0
2023-11-24T00:11:19.661Z In(05) vmx Transitioned vmx/execState/val to poweredOff
2023-11-24T00:11:19.661Z In(05) vmx Vix: [mainDispatch.c:4212]: VMAutomation_ReportPowerOpFinished: statevar=0, newAppState=1870, success=0 additionalError=0
2023-11-24T00:11:19.661Z In(05) vmx Vix: [mainDispatch.c:4250]: Error VIX_E_FAIL in VMAutomation_ReportPowerOpFinished(): Unknown error
2023-11-24T00:11:19.661Z In(05) vmx Vix: [mainDispatch.c:4212]: VMAutomation_ReportPowerOpFinished: statevar=0, newAppState=1870, success=1 additionalError=0
2023-11-24T00:11:19.661Z In(05) vmx Transitioned vmx/execState/val to poweredOff
2023-11-24T00:11:19.661Z In(05) vmx WQPoolFreePoll : pollIx = 3, signalHandle = 26
2023-11-24T00:11:19.661Z In(05) vmx Services_Exit: Closed the services.
2023-11-24T00:11:19.662Z In(05) vmx Vix: [mainDispatch.c:817]: VMAutomation_LateShutdown()
2023-11-24T00:11:19.662Z In(05) vmx Vix: [mainDispatch.c:772]: VMAutomationCloseListenerSocket. Closing listener socket.
2023-11-24T00:11:19.662Z In(05) vmx Flushing VMX VMDB connections
2023-11-24T00:11:19.662Z In(05) vmx VmdbDbRemoveCnx: Removing Cnx from Db for '/db/connection/#1/'
2023-11-24T00:11:19.662Z In(05) vmx VmdbCnxDisconnect: Disconnect: closed pipe for pub cnx '/db/connection/#1/' (0)
2023-11-24T00:11:19.662Z In(05) vmx VigorTransport_ServerDestroy: server destroyed.
2023-11-24T00:11:19.662Z In(05) vmx WQPoolFreePoll : pollIx = 2, signalHandle = 14
2023-11-24T00:11:19.662Z In(05) vmx WQPoolFreePoll : pollIx = 1, signalHandle = 16
2023-11-24T00:11:19.665Z In(05) vmx VMX exit (0).
2023-11-24T00:11:19.665Z In(05) vmx OBJLIB-LIB: ObjLib cleanup done.
